[2024-10-07 08:49:22] Modul aplikasi dengan ID 1231221 tidak ditemukan atau sudah dihapus.
[2024-10-07 08:50:59] Modul aplikasi dengan ID 1231221 tidak ditemukan atau sudah dihapus.
[2024-10-07 08:52:57] Modul aplikasi dengan ID 1231221 tidak ditemukan.
[2024-10-07 08:55:52] Modul aplikasi dengan ID 1231221 tidak ditemukan atau sudah dihapus.
[2024-10-07 08:56:17] Modul aplikasi dengan ID 12312 tidak ditemukan atau sudah dihapus.
[2024-10-07 08:56:44] Modul aplikasi dengan ID 1231221 tidak ditemukan atau sudah dihapus.
[2024-10-07 08:56:56] Modul aplikasi dengan ID 1231221 tidak ditemukan atau sudah dihapus.
[2024-10-07 08:59:16] Modul aplikasi dengan ID 1231221 tidak ditemukan.
[2024-10-07 08:59:54] Modul aplikasi dengan ID  tidak ditemukan.
[2024-10-07 09:02:25] Modul aplikasi dengan ID 1231221 tidak ditemukan.
[2024-10-07 09:03:00] Modul aplikasi dengan ID  tidak ditemukan.
[2024-10-07 09:08:53] Modul aplikasi dengan ID 1231221 tidak ditemukan.
[2024-10-07 09:09:02] Modul aplikasi dengan ID 1231221 tidak ditemukan.
[2024-10-07 09:09:56] Modul aplikasi dengan ID 1231221 tidak ditemukan.
[2024-10-07 09:10:38] Modul aplikasi dengan ID 1231221 tidak ditemukan.
[2024-10-07 09:10:41] Modul aplikasi dengan ID 1231221 tidak ditemukan.
[2024-10-07 09:10:44] Modul aplikasi dengan ID 1231221 tidak ditemukan.
[2024-10-07 09:14:24] Berhasil menghapus application icon: http://192.168.56.101/nextcloud/remote.php/dav/files/horizon/uploads/670389d14960b_download.png
[2024-10-07 09:14:25] Berhasil menghapus module icon: http://192.168.56.101/nextcloud/remote.php/dav/files/horizon/Moduleicon/670389d27526c_download__1_.png
[2024-10-08 04:43:39] document_type_id tidak valid dalam request.
[2024-10-09 05:05:18] Gagal menghapus file dari Nextcloud: Gagal menghapus file: <?xml version="1.0" encoding="utf-8"?>
<d:error xmlns:d="DAV:" xmlns:s="http://sabredav.org/ns">
	<s:exception>Internal Server Error</s:exception>
	<s:message>
		The server was unable to complete your request.		If this happens again, please send the technical details below to the server administrator.		More details can be found in the server log.			</s:message>

	<s:technical-details>
		<s:remote-address>192.168.56.1</s:remote-address>
		<s:request-id>Llfelf7xYSWvgpWVAlBK</s:request-id>

		</s:technical-details>
</d:error>

[2024-10-09 05:06:06] Gagal menghapus file dari Nextcloud: Gagal menghapus file: <?xml version="1.0" encoding="utf-8"?>
<d:error xmlns:d="DAV:" xmlns:s="http://sabredav.org/ns">
	<s:exception>Internal Server Error</s:exception>
	<s:message>
		The server was unable to complete your request.		If this happens again, please send the technical details below to the server administrator.		More details can be found in the server log.			</s:message>

	<s:technical-details>
		<s:remote-address>192.168.56.1</s:remote-address>
		<s:request-id>fuFKS1AXv5rf7yA5Fkgc</s:request-id>

		</s:technical-details>
</d:error>

[2024-10-09 06:04:32] API request failed with status code: 500
[2024-10-09 06:06:33] API request failed with status code: 500
[2024-10-09 06:08:55] API request failed with status code: 500. Error: Gagal menghapus file dari Nextcloud: Gagal menghapus file: <?xml version="1.0" encoding="utf-8"?>
<d:error xmlns:d="DAV:" xmlns:s="http://sabredav.org/ns">
	<s:exception>Internal Server Error</s:exception>
	<s:message>
		The server was unable to complete your request.		If this happens again, please send the technical details below to the server administrator.		More details can be found in the server log.			</s:message>

	<s:technical-details>
		<s:remote-address>192.168.56.1</s:remote-address>
		<s:request-id>pcqeJpSAtLKQFUyzYfT8</s:request-id>

		</s:technical-details>
</d:error>

[2024-10-09 06:17:24] API request failed with status code: 500. Error: Gagal menghapus file dari Nextcloud: Gagal menghapus file. Status code: 404, Response: <?xml version="1.0" encoding="utf-8"?>
<d:error xmlns:d="DAV:" xmlns:s="http://sabredav.org/ns">
	<s:exception>Internal Server Error</s:exception>
	<s:message>
		The server was unable to complete your request.		If this happens again, please send the technical details below to the server administrator.		More details can be found in the server log.			</s:message>

	<s:technical-details>
		<s:remote-address>192.168.56.1</s:remote-address>
		<s:request-id>6ivMTIywkBLsqTsxbxn4</s:request-id>

		</s:technical-details>
</d:error>

[2024-10-09 06:18:47] API request failed with status code: 500. Error: Gagal menghapus file dari Nextcloud: Gagal menghapus file. Status code: 404, Response: <?xml version="1.0" encoding="utf-8"?>
<d:error xmlns:d="DAV:" xmlns:s="http://sabredav.org/ns">
	<s:exception>Internal Server Error</s:exception>
	<s:message>
		The server was unable to complete your request.		If this happens again, please send the technical details below to the server administrator.		More details can be found in the server log.			</s:message>

	<s:technical-details>
		<s:remote-address>192.168.56.1</s:remote-address>
		<s:request-id>DZRJLq1JXIEVvkIQuVcx</s:request-id>

		</s:technical-details>
</d:error>

[2024-10-09 06:36:51] API request failed with status code: 404. Error: Unknown error
[2024-10-09 06:37:09] API request failed with status code: 404. Error: Unknown error
[2024-10-09 06:39:16] API request failed with status code: 404. Error: Unknown error
[2024-10-09 06:39:27] API request failed with status code: 404. Error: Unknown error
[2024-10-09 06:42:31] API request failed with status code: 404. Error: Unknown error
[2024-10-09 06:51:19] API request failed with status code: 404. Error: Unknown error
[2024-10-09 06:52:56] Error saat memperbarui data di Nextcloud: API request failed with status code: 404. Error: Unknown error
[2024-10-09 06:53:03] Error saat memperbarui data di Nextcloud: API request failed with status code: 404. Error: Unknown error
[2024-10-09 06:53:40] Error saat memperbarui data di Nextcloud: API request failed with status code: 404. Error: Unknown error
[2024-10-09 07:24:09] Gagal memanggil API Python
[2024-10-09 07:26:13] API Python mengembalikan kode status HTTP: 400
[2024-10-09 07:28:41] API Python mengembalikan kode status HTTP: 400
[2024-10-09 08:12:11] API Python mengembalikan kode status HTTP: 400. Response: {"error":"URL file dan konten baru harus diberikan"}

[2024-10-09 08:21:42] Error saat memperbarui data di Nextcloud: API request failed with status code: 404. Error: Unknown error
[2024-10-09 08:23:09] Error saat memperbarui data di Nextcloud: API request failed with status code: 404. Error: Unknown error
